#
# A fatal error has been detected by the Java Runtime Environment:
#
#  SIGSEGV (0xb) at pc=0x00007f8e42c30a91, pid=22863, tid=0x00007f8e20102700
#
# JRE version: Java(TM) SE Runtime Environment (8.0_201-b09) (build 1.8.0_201-b09)
# Java VM: Java HotSpot(TM) 64-Bit Server VM (25.201-b09 mixed mode linux-amd64 compressed oops)
# Problematic frame:
# V  [libjvm.so+0x6c2a91]  jni_GetLongField+0x41
#
# Failed to write core dump. Core dumps have been disabled. To enable core dumping, try "ulimit -c unlimited" before starting Java again
#
# If you would like to submit a bug report, please visit:
#   http://bugreport.java.com/bugreport/crash.jsp
#

---------------  T H R E A D  ---------------

Current thread (0x00007f8e3c545800):  JavaThread "AWT-XAWT" daemon [_thread_in_vm, id=22894, stack(0x00007f8e20002000,0x00007f8e20103000)]

siginfo: si_signo: 11 (SIGSEGV), si_code: 1 (SEGV_MAPERR), si_addr: 0x0000000000000000

Registers:
RAX=0x0000000000000000, RBX=0x00007f8e3c545800, RCX=0x0000000000000001, RDX=0x00007f8e4352b3e9
RSP=0x00007f8e20101850, RBP=0x00007f8e20101870, RSI=0x0000000000000000, RDI=0x00007f8e3c545800
R8 =0x000000076d1c5420, R9 =0x000000076d68f4a8, R10=0x00007f8e2d2fcc44, R11=0x00007f8e2d2fcc18
R12=0x00007f8dcc00acc0, R13=0x0000000000000000, R14=0x0000000000000042, R15=0x00007f8e3c545800
RIP=0x00007f8e42c30a91, EFLAGS=0x0000000000010202, CSGSFS=0x002b000000000033, ERR=0x0000000000000004
  TRAPNO=0x000000000000000e

Top of Stack: (sp=0x00007f8e20101850)
0x00007f8e20101850:   00007f8e3c5459f8 00007f8dcc00acc0
0x00007f8e20101860:   0000000000000000 00007f8e2045ab00
0x00007f8e20101870:   00007f8e201018a0 00007f8e20238f24
0x00007f8e20101880:   00007f8e234606a8 00007f8dcc00acc0
0x00007f8e20101890:   00007f8e20101950 00007f8e20101920
0x00007f8e201018a0:   0000000000000000 00007f8de3b18420
0x00007f8e201018b0:   00007f8e234606a8 00007f8e201018e0
0x00007f8e201018c0:   0000000000000000 00007f8de3b0fff3
0x00007f8e201018d0:   00007f8e20101950 00007f8e202312af
0x00007f8e201018e0:   00007f8e20101930 00007f8e2d2fccb6
0x00007f8e201018f0:   0000000000000000 00007f8e2d29eeb6
0x00007f8e20101900:   00007f8e20101950 000000076d68f838
0x00007f8e20101910:   0000000000800003 000000076d68f838
0x00007f8e20101920:   000000076d690598 0000000000000001
0x00007f8e20101930:   00007f8e201019b0 00007f8e2d007b30
0x00007f8e20101940:   00007f8e201019b0 00007f8e2d007b30
0x00007f8e20101950:   0000000000000000 00007f8e2d007e70
0x00007f8e20101960:   00007f8dd00013a0 000000076d74f0f0
0x00007f8e20101970:   00007f8e20101970 00007f8e2343fbcc
0x00007f8e20101980:   00007f8e201019f8 00007f8e23449028
0x00007f8e20101990:   0000000000000000 00007f8e2343fd08
0x00007f8e201019a0:   00007f8e20101950 00007f8e201019f0
0x00007f8e201019b0:   00007f8e20101a40 00007f8e2d00835d
0x00007f8e201019c0:   0000000000000000 000000076d70a988
0x00007f8e201019d0:   0000000000000000 0000000000000000
0x00007f8e201019e0:   0000000000000000 000000076d74f0f0
0x00007f8e201019f0:   0000000000000000 000000076d6c71b0
0x00007f8e20101a00:   00007f8e20101a00 00007f8e2343fa0d
0x00007f8e20101a10:   00007f8e20101a50 00007f8e23449028
0x00007f8e20101a20:   0000000000000000 00007f8e2343fa18
0x00007f8e20101a30:   00007f8e201019f0 00007f8e20101a50
0x00007f8e20101a40:   00007f8e20101a98 00007f8e2d0083a2 

Instructions: (pc=0x00007f8e42c30a91)
0x00007f8e42c30a71:   00 00 74 0d 8b 83 88 02 00 00 3d ac de 00 00 75
0x00007f8e42c30a81:   7e 48 89 df e8 d6 f7 ff ff 48 8d 15 58 a9 8f 00
0x00007f8e42c30a91:   49 8b 45 00 80 3a 00 74 5e 48 8d 35 ff 62 8d 00
0x00007f8e42c30aa1:   8b 50 08 8b 4e 08 48 d3 e2 48 8b 0e 48 01 d1 48 

Register to memory mapping:

RAX=0x0000000000000000 is an unknown value
RBX=0x00007f8e3c545800 is a thread
RCX=0x0000000000000001 is an unknown value
RDX=0x00007f8e4352b3e9: <offset 0xfbd3e9> in /usr/lib/jvm/java-8-oracle/jre/lib/amd64/server/libjvm.so at 0x00007f8e4256e000
RSP=0x00007f8e20101850 is pointing into the stack for thread: 0x00007f8e3c545800
RBP=0x00007f8e20101870 is pointing into the stack for thread: 0x00007f8e3c545800
RSI=0x0000000000000000 is an unknown value
RDI=0x00007f8e3c545800 is a thread
R8 =0x000000076d1c5420 is an oop
[I 
 - klass: {type array int}
 - length: 9
R9 =0x000000076d68f4a8 is an oop
sun.util.logging.PlatformLogger$DefaultLoggerProxy 
 - klass: 'sun/util/logging/PlatformLogger$DefaultLoggerProxy'
R10=0x00007f8e2d2fcc44 is at entry_point+68 in (nmethod*)0x00007f8e2d2fca90
R11=0x00007f8e2d2fcc18 is at entry_point+24 in (nmethod*)0x00007f8e2d2fca90
R12=0x00007f8dcc00acc0 is an unknown value
R13=0x0000000000000000 is an unknown value
R14=0x0000000000000042 is an unknown value
R15=0x00007f8e3c545800 is a thread


Stack: [0x00007f8e20002000,0x00007f8e20103000],  sp=0x00007f8e20101850,  free space=1022k
Native frames: (J=compiled Java code, j=interpreted, Vv=VM code, C=native code)
V  [libjvm.so+0x6c2a91]  jni_GetLongField+0x41
C  [libawt_xawt.so+0x34f24]  getX11InputMethodData+0x24
C  [libX11.so.6+0x64420]  _XimServerDestroy+0x70

Java frames: (J=compiled Java code, j=interpreted, Vv=VM code)
J 865  sun.awt.X11.XlibWrapper.XFilterEvent(JJ)Z (0 bytes) @ 0x00007f8e2d2fcc44 [0x00007f8e2d2fcc00+0x44]
j  sun.awt.X11.XToolkit.run(Z)V+300
j  sun.awt.X11.XToolkit.run()V+5
j  java.lang.Thread.run()V+11
v  ~StubRoutines::call_stub

---------------  P R O C E S S  ---------------

Java Threads: ( => current thread )
  0x00007f8dcc013000 JavaThread "TimerQueue" daemon [_thread_blocked, id=22899, stack(0x00007f8de1740000,0x00007f8de1841000)]
  0x00007f8e3c54a000 JavaThread "Thread-0" [_thread_blocked, id=22895, stack(0x00007f8de24e0000,0x00007f8de25e1000)]
=>0x00007f8e3c545800 JavaThread "AWT-XAWT" daemon [_thread_in_vm, id=22894, stack(0x00007f8e20002000,0x00007f8e20103000)]
  0x00007f8e3c52c000 JavaThread "Java2D Disposer" daemon [_thread_blocked, id=22893, stack(0x00007f8e20103000,0x00007f8e20204000)]
  0x00007f8e3c0dd000 JavaThread "Service Thread" daemon [_thread_blocked, id=22891, stack(0x00007f8e20cb2000,0x00007f8e20db3000)]
  0x00007f8e3c0d9800 JavaThread "C1 CompilerThread2" daemon [_thread_blocked, id=22890, stack(0x00007f8e20db3000,0x00007f8e20eb4000)]
  0x00007f8e3c0d8000 JavaThread "C2 CompilerThread1" daemon [_thread_blocked, id=22889, stack(0x00007f8e20eb4000,0x00007f8e20fb5000)]
  0x00007f8e3c0d5000 JavaThread "C2 CompilerThread0" daemon [_thread_blocked, id=22888, stack(0x00007f8e20fb5000,0x00007f8e210b6000)]
  0x00007f8e00001000 JavaThread "JDWP Command Reader" daemon [_thread_in_native, id=22883, stack(0x00007f8e210b6000,0x00007f8e211b7000)]
  0x00007f8e3c0d2800 JavaThread "JDWP Event Helper Thread" daemon [_thread_blocked, id=22882, stack(0x00007f8e211b7000,0x00007f8e212b8000)]
  0x00007f8e3c0cf000 JavaThread "JDWP Transport Listener: dt_socket" daemon [_thread_blocked, id=22881, stack(0x00007f8e212b8000,0x00007f8e213b9000)]
  0x00007f8e3c0c0800 JavaThread "Signal Dispatcher" daemon [_thread_in_vm, id=22879, stack(0x00007f8e219f9000,0x00007f8e21afa000)]
  0x00007f8e3c08e800 JavaThread "Finalizer" daemon [_thread_blocked, id=22878, stack(0x00007f8e21afa000,0x00007f8e21bfb000)]
  0x00007f8e3c08c000 JavaThread "Reference Handler" daemon [_thread_blocked, id=22877, stack(0x00007f8e21bfb000,0x00007f8e21cfc000)]
  0x00007f8e3c014000 JavaThread "main" [_thread_blocked, id=22868, stack(0x00007f8e44060000,0x00007f8e44161000)]

Other Threads:
  0x00007f8e3c082000 VMThread [stack: 0x00007f8e21cfc000,0x00007f8e21dfd000] [id=22876]
  0x00007f8e3c0e0000 WatcherThread [stack: 0x00007f8e20bb1000,0x00007f8e20cb2000] [id=22892]

VM state:not at safepoint (normal execution)

VM Mutex/Monitor currently owned by a thread:  ([mutex/lock_event])
[0x00007f8e3c00c920] Threads_lock - owner thread: 0x00007f8e3c0c0800

heap address: 0x00000006c7200000, size: 3982 MB, Compressed Oops mode: Zero based, Oop shift amount: 3
Narrow klass base: 0x0000000000000000, Narrow klass shift: 3
Compressed class space size: 1073741824 Address: 0x00000007c0000000

Heap:
 PSYoungGen      total 74752K, used 21963K [0x000000076d100000, 0x0000000772400000, 0x00000007c0000000)
  eden space 64512K, 34% used [0x000000076d100000,0x000000076e672e30,0x0000000771000000)
  from space 10240K, 0% used [0x0000000771a00000,0x0000000771a00000,0x0000000772400000)
  to   space 10240K, 0% used [0x0000000771000000,0x0000000771000000,0x0000000771a00000)
 ParOldGen       total 171008K, used 0K [0x00000006c7200000, 0x00000006d1900000, 0x000000076d100000)
  object space 171008K, 0% used [0x00000006c7200000,0x00000006c7200000,0x00000006d1900000)
 Metaspace       used 12112K, capacity 12326K, committed 12544K, reserved 1060864K
  class space    used 1417K, capacity 1479K, committed 1536K, reserved 1048576K

Card table byte_map: [0x00007f8e2c478000,0x00007f8e2cc40000] byte_map_base: 0x00007f8e28e3f000

Marking Bits: (ParMarkBitMap*) 0x00007f8e43539d80
 Begin Bits: [0x00007f8e23fd5000, 0x00007f8e27e0d000)
 End Bits:   [0x00007f8e27e0d000, 0x00007f8e2bc45000)

Polling page: 0x00007f8e4417e000

CodeCache: size=245760Kb used=3169Kb max_used=3169Kb free=242590Kb
 bounds [0x00007f8e2d000000, 0x00007f8e2d320000, 0x00007f8e3c000000]
 total_blobs=1390 nmethods=879 adapters=433
 compilation: enabled

Compilation events (10 events):
Event: 11837.174 Thread 0x00007f8e3c0d9800  875       3       java.util.Vector::<init> (53 bytes)
Event: 11837.176 Thread 0x00007f8e3c0d9800 nmethod 875 0x00007f8e2d316810 code [0x00007f8e2d3169c0, 0x00007f8e2d316e78]
Event: 11837.176 Thread 0x00007f8e3c0d9800  876  s    3       java.util.Vector::toArray (12 bytes)
Event: 11837.177 Thread 0x00007f8e3c0d9800 nmethod 876 0x00007f8e2d317050 code [0x00007f8e2d3171c0, 0x00007f8e2d3175c8]
Event: 13654.533 Thread 0x00007f8e3c0d9800  877   !   3       sun.awt.X11.XToolkit$1::dispatchEvent (34 bytes)
Event: 13654.539 Thread 0x00007f8e3c0d9800 nmethod 877 0x00007f8e2d317710 code [0x00007f8e2d317960, 0x00007f8e2d3187d8]
Event: 13654.539 Thread 0x00007f8e3c0d9800  878       3       sun.awt.X11.XMSelection$1::dispatchEvent (10 bytes)
Event: 13654.542 Thread 0x00007f8e3c0d9800 nmethod 878 0x00007f8e2d318f10 code [0x00007f8e2d3190c0, 0x00007f8e2d319538]
Event: 13654.542 Thread 0x00007f8e3c0d9800  879       3       sun.awt.X11.XMSelection::processRootEvent (32 bytes)
Event: 13654.544 Thread 0x00007f8e3c0d9800 nmethod 879 0x00007f8e2d319850 code [0x00007f8e2d319a00, 0x00007f8e2d319dd8]

GC Heap History (0 events):
No events

Deoptimization events (10 events):
Event: 0.866 Thread 0x00007f8e3c014000 Uncommon trap: reason=unhandled action=none pc=0x00007f8e2d258fe0 method=bsh.Parser.jj_scan_token(I)Z @ 170
Event: 0.867 Thread 0x00007f8e3c014000 Uncommon trap: reason=unhandled action=none pc=0x00007f8e2d258fe0 method=bsh.Parser.jj_scan_token(I)Z @ 170
Event: 0.874 Thread 0x00007f8e3c014000 Uncommon trap: reason=unhandled action=none pc=0x00007f8e2d258fe0 method=bsh.Parser.jj_scan_token(I)Z @ 170
Event: 0.875 Thread 0x00007f8e3c014000 Uncommon trap: reason=unhandled action=none pc=0x00007f8e2d258fe0 method=bsh.Parser.jj_scan_token(I)Z @ 170
Event: 0.876 Thread 0x00007f8e3c014000 Uncommon trap: reason=unhandled action=none pc=0x00007f8e2d258fe0 method=bsh.Parser.jj_scan_token(I)Z @ 170
Event: 0.876 Thread 0x00007f8e3c014000 Uncommon trap: reason=unhandled action=none pc=0x00007f8e2d258fe0 method=bsh.Parser.jj_scan_token(I)Z @ 170
Event: 0.877 Thread 0x00007f8e3c014000 Uncommon trap: reason=unhandled action=none pc=0x00007f8e2d258fe0 method=bsh.Parser.jj_scan_token(I)Z @ 170
Event: 0.878 Thread 0x00007f8e3c014000 Uncommon trap: reason=unhandled action=none pc=0x00007f8e2d258fe0 method=bsh.Parser.jj_scan_token(I)Z @ 170
Event: 0.879 Thread 0x00007f8e3c014000 Uncommon trap: reason=unhandled action=none pc=0x00007f8e2d258fe0 method=bsh.Parser.jj_scan_token(I)Z @ 170
Event: 0.880 Thread 0x00007f8e3c014000 Uncommon trap: reason=unhandled action=none pc=0x00007f8e2d258fe0 method=bsh.Parser.jj_scan_token(I)Z @ 170

Classes redefined (0 events):
No events

Internal exceptions (10 events):
Event: 0.324 Thread 0x00007f8e3c014000 Exception <a 'java/security/PrivilegedActionException'> (0x000000076d22e3a0) thrown at [/HUDSON/workspace/8-2-build-linux-amd64/jdk8u201/12317/hotspot/src/share/vm/prims/jvm.cpp, line 1502]
Event: 0.324 Thread 0x00007f8e3c014000 Exception <a 'java/security/PrivilegedActionException'> (0x000000076d22e5b0) thrown at [/HUDSON/workspace/8-2-build-linux-amd64/jdk8u201/12317/hotspot/src/share/vm/prims/jvm.cpp, line 1502]
Event: 0.325 Thread 0x00007f8e3c014000 Exception <a 'java/util/zip/ZipException'> (0x000000076d2316e8) thrown at [/HUDSON/workspace/8-2-build-linux-amd64/jdk8u201/12317/hotspot/src/share/vm/prims/jni.cpp, line 709]
Event: 0.328 Thread 0x00007f8e3c014000 Exception <a 'java/util/zip/ZipException'> (0x000000076d23de00) thrown at [/HUDSON/workspace/8-2-build-linux-amd64/jdk8u201/12317/hotspot/src/share/vm/prims/jni.cpp, line 709]
Event: 0.381 Thread 0x00007f8e3c014000 Exception <a 'java/lang/NoSuchFieldError': method resolution failed> (0x000000076d5e8400) thrown at [/HUDSON/workspace/8-2-build-linux-amd64/jdk8u201/12317/hotspot/src/share/vm/prims/methodHandles.cpp, line 1167]
Event: 0.389 Thread 0x00007f8e3c014000 Exception <a 'java/lang/NoSuchFieldError': method resolution failed> (0x000000076d5f5c00) thrown at [/HUDSON/workspace/8-2-build-linux-amd64/jdk8u201/12317/hotspot/src/share/vm/prims/methodHandles.cpp, line 1167]
Event: 0.419 Thread 0x00007f8e3c014000 Exception <a 'java/io/FileNotFoundException'> (0x000000076d674dd8) thrown at [/HUDSON/workspace/8-2-build-linux-amd64/jdk8u201/12317/hotspot/src/share/vm/prims/jni.cpp, line 709]
Event: 0.419 Thread 0x00007f8e3c014000 Exception <a 'java/io/FileNotFoundException'> (0x000000076d6757f8) thrown at [/HUDSON/workspace/8-2-build-linux-amd64/jdk8u201/12317/hotspot/src/share/vm/prims/jni.cpp, line 709]
Event: 0.745 Thread 0x00007f8e3c014000 Exception <a 'java/io/FileNotFoundException'> (0x000000076de5f850) thrown at [/HUDSON/workspace/8-2-build-linux-amd64/jdk8u201/12317/hotspot/src/share/vm/prims/jni.cpp, line 709]
Event: 0.774 Thread 0x00007f8e3c5b4000 Exception <a 'java/lang/UnsupportedOperationException': > (0x000000076db23768) thrown at [/HUDSON/workspace/8-2-build-linux-amd64/jdk8u201/12317/hotspot/src/share/vm/prims/jni.cpp, line 735]

Events (10 events):
Event: 17079.761 loading class sun/awt/X11/XMSelection$2
Event: 17079.761 loading class sun/awt/X11/XMSelection$2 done
Event: 17080.255 loading class sun/awt/X11/XAWTXSettings$1
Event: 17080.255 loading class sun/awt/X11/XAWTXSettings$1 done
Event: 17080.277 Thread 0x00007f8dd0009800 Thread added: 0x00007f8dd0009800
Event: 17080.328 Thread 0x00007f8dd000c000 Thread added: 0x00007f8dd000c000
Event: 17081.778 Thread 0x00007f8dd000c000 Thread exited: 0x00007f8dd000c000
Event: 17081.779 Executing VM operation: RevokeBias
Event: 17081.779 Executing VM operation: RevokeBias done
Event: 17081.779 Thread 0x00007f8dd0009800 Thread exited: 0x00007f8dd0009800


Dynamic libraries:
00400000-00401000 r-xp 00000000 103:02 13379005                          /usr/lib/jvm/java-8-oracle/bin/java
00600000-00601000 r--p 00000000 103:02 13379005                          /usr/lib/jvm/java-8-oracle/bin/java
00601000-00602000 rw-p 00001000 103:02 13379005                          /usr/lib/jvm/java-8-oracle/bin/java
00880000-008a1000 rw-p 00000000 00:00 0                                  [heap]
6c7200000-6d1900000 rw-p 00000000 00:00 0 
6d1900000-76d100000 ---p 00000000 00:00 0 
76d100000-772400000 rw-p 00000000 00:00 0 
772400000-7c0000000 ---p 00000000 00:00 0 
7c0000000-7c0180000 rw-p 00000000 00:00 0 
7c0180000-800000000 ---p 00000000 00:00 0 
7f8dc0000000-7f8dc0021000 rw-p 00000000 00:00 0 
7f8dc0021000-7f8dc4000000 ---p 00000000 00:00 0 
7f8dc4fff000-7f8dc8000000 rw-p 00000000 00:00 0 
7f8dc8000000-7f8dc8021000 rw-p 00000000 00:00 0 
7f8dc8021000-7f8dcc000000 ---p 00000000 00:00 0 
7f8dcc000000-7f8dcc02d000 rw-p 00000000 00:00 0 
7f8dcc02d000-7f8dd0000000 ---p 00000000 00:00 0 
7f8dd0000000-7f8dd02c3000 rw-p 00000000 00:00 0 
7f8dd02c3000-7f8dd4000000 ---p 00000000 00:00 0 
7f8dd4000000-7f8dd4021000 rw-p 00000000 00:00 0 
7f8dd4021000-7f8dd8000000 ---p 00000000 00:00 0 
7f8dd8000000-7f8dd8021000 rw-p 00000000 00:00 0 
7f8dd8021000-7f8ddc000000 ---p 00000000 00:00 0 
7f8ddc000000-7f8ddc021000 rw-p 00000000 00:00 0 
7f8ddc021000-7f8de0000000 ---p 00000000 00:00 0 
7f8de1740000-7f8de1743000 ---p 00000000 00:00 0 
7f8de1743000-7f8de1901000 rw-p 00000000 00:00 0 
7f8de1901000-7f8de1a41000 ---p 00000000 00:00 0 
7f8de1a41000-7f8de1aad000 r-xp 00000000 103:02 1943                      /usr/lib/jvm/java-8-oracle/jre/lib/amd64/libt2k.so
7f8de1aad000-7f8de1cad000 ---p 0006c000 103:02 1943                      /usr/lib/jvm/java-8-oracle/jre/lib/amd64/libt2k.so
7f8de1cad000-7f8de1cb3000 r--p 0006c000 103:02 1943                      /usr/lib/jvm/java-8-oracle/jre/lib/amd64/libt2k.so
7f8de1cb3000-7f8de1cb4000 rw-p 00072000 103:02 1943                      /usr/lib/jvm/java-8-oracle/jre/lib/amd64/libt2k.so
7f8de1cb4000-7f8de1cc5000 r-xp 00000000 103:02 1984                      /usr/lib/jvm/java-8-oracle/jre/lib/amd64/libnio.so
7f8de1cc5000-7f8de1ec4000 ---p 00011000 103:02 1984                      /usr/lib/jvm/java-8-oracle/jre/lib/amd64/libnio.so
7f8de1ec4000-7f8de1ec5000 r--p 00010000 103:02 1984                      /usr/lib/jvm/java-8-oracle/jre/lib/amd64/libnio.so
7f8de1ec5000-7f8de1ec6000 rw-p 00011000 103:02 1984                      /usr/lib/jvm/java-8-oracle/jre/lib/amd64/libnio.so
7f8de1ec6000-7f8de1edc000 r-xp 00000000 103:02 1981                      /usr/lib/jvm/java-8-oracle/jre/lib/amd64/libnet.so
7f8de1edc000-7f8de20dc000 ---p 00016000 103:02 1981                      /usr/lib/jvm/java-8-oracle/jre/lib/amd64/libnet.so
7f8de20dc000-7f8de20dd000 r--p 00016000 103:02 1981                      /usr/lib/jvm/java-8-oracle/jre/lib/amd64/libnet.so
7f8de20dd000-7f8de20de000 rw-p 00017000 103:02 1981                      /usr/lib/jvm/java-8-oracle/jre/lib/amd64/libnet.so
7f8de20de000-7f8de20e1000 ---p 00000000 00:00 0 
7f8de20e1000-7f8de23df000 rw-p 00000000 00:00 0 
7f8de23df000-7f8de23e2000 ---p 00000000 00:00 0 
7f8de23e2000-7f8de24e0000 rw-p 00000000 00:00 0 
7f8de24e0000-7f8de24e3000 ---p 00000000 00:00 0 
7f8de24e3000-7f8de25e1000 rw-p 00000000 00:00 0 
7f8de25e1000-7f8de25e6000 r-xp 00000000 103:02 13377481                  /usr/lib/x86_64-linux-gnu/libXfixes.so.3.1.0
7f8de25e6000-7f8de27e5000 ---p 00005000 103:02 13377481                  /usr/lib/x86_64-linux-gnu/libXfixes.so.3.1.0
7f8de27e5000-7f8de27e6000 r--p 00004000 103:02 13377481                  /usr/lib/x86_64-linux-gnu/libXfixes.so.3.1.0
7f8de27e6000-7f8de27e7000 rw-p 00005000 103:02 13377481                  /usr/lib/x86_64-linux-gnu/libXfixes.so.3.1.0
7f8de27e7000-7f8de27f0000 r-xp 00000000 103:02 13375800                  /usr/lib/x86_64-linux-gnu/libXcursor.so.1.0.2
7f8de27f0000-7f8de29ef000 ---p 00009000 103:02 13375800                  /usr/lib/x86_64-linux-gnu/libXcursor.so.1.0.2
7f8de29ef000-7f8de29f0000 r--p 00008000 103:02 13375800                  /usr/lib/x86_64-linux-gnu/libXcursor.so.1.0.2
7f8de29f0000-7f8de29f1000 rw-p 00009000 103:02 13375800                  /usr/lib/x86_64-linux-gnu/libXcursor.so.1.0.2
7f8de29f1000-7f8de2a07000 r-xp 00000000 103:02 9966054                   /lib/x86_64-linux-gnu/libgcc_s.so.1
7f8de2a07000-7f8de2c06000 ---p 00016000 103:02 9966054                   /lib/x86_64-linux-gnu/libgcc_s.so.1
7f8de2c06000-7f8de2c07000 rw-p 00015000 103:02 9966054                   /lib/x86_64-linux-gnu/libgcc_s.so.1
7f8de2c07000-7f8de2c64000 r-xp 00000000 103:02 1961                      /usr/lib/jvm/java-8-oracle/jre/lib/amd64/libfontmanager.so
7f8de2c64000-7f8de2e64000 ---p 0005d000 103:02 1961                      /usr/lib/jvm/java-8-oracle/jre/lib/amd64/libfontmanager.so
7f8de2e64000-7f8de2e67000 r--p 0005d000 103:02 1961                      /usr/lib/jvm/java-8-oracle/jre/lib/amd64/libfontmanager.so
7f8de2e67000-7f8de2e68000 rw-p 00060000 103:02 1961                      /usr/lib/jvm/java-8-oracle/jre/lib/amd64/libfontmanager.so
7f8de2e68000-7f8de2e6d000 r-xp 00000000 103:02 13377477                  /usr/lib/x86_64-linux-gnu/libXdmcp.so.6.0.0
7f8de2e6d000-7f8de306c000 ---p 00005000 103:02 13377477                  /usr/lib/x86_64-linux-gnu/libXdmcp.so.6.0.0
7f8de306c000-7f8de306d000 r--p 00004000 103:02 13377477                  /usr/lib/x86_64-linux-gnu/libXdmcp.so.6.0.0
7f8de306d000-7f8de306e000 rw-p 00005000 103:02 13377477                  /usr/lib/x86_64-linux-gnu/libXdmcp.so.6.0.0
7f8de306e000-7f8de3070000 r-xp 00000000 103:02 13377466                  /usr/lib/x86_64-linux-gnu/libXau.so.6.0.0
7f8de3070000-7f8de3270000 ---p 00002000 103:02 13377466                  /usr/lib/x86_64-linux-gnu/libXau.so.6.0.0
7f8de3270000-7f8de3271000 r--p 00002000 103:02 13377466                  /usr/lib/x86_64-linux-gnu/libXau.so.6.0.0
7f8de3271000-7f8de3272000 rw-p 00003000 103:02 13377466                  /usr/lib/x86_64-linux-gnu/libXau.so.6.0.0
7f8de3272000-7f8de3293000 r-xp 00000000 103:02 13378875                  /usr/lib/x86_64-linux-gnu/libxcb.so.1.1.0
7f8de3293000-7f8de3492000 ---p 00021000 103:02 13378875                  /usr/lib/x86_64-linux-gnu/libxcb.so.1.1.0
7f8de3492000-7f8de3493000 r--p 00020000 103:02 13378875                  /usr/lib/x86_64-linux-gnu/libxcb.so.1.1.0
7f8de3493000-7f8de3494000 rw-p 00021000 103:02 13378875                  /usr/lib/x86_64-linux-gnu/libxcb.so.1.1.0
7f8de3494000-7f8de34a3000 r-xp 00000000 103:02 13377487                  /usr/lib/x86_64-linux-gnu/libXi.so.6.1.0
7f8de34a3000-7f8de36a2000 ---p 0000f000 103:02 13377487                  /usr/lib/x86_64-linux-gnu/libXi.so.6.1.0
7f8de36a2000-7f8de36a3000 r--p 0000e000 103:02 13377487                  /usr/lib/x86_64-linux-gnu/libXi.so.6.1.0
7f8de36a3000-7f8de36a4000 rw-p 0000f000 103:02 13377487                  /usr/lib/x86_64-linux-gnu/libXi.so.6.1.0
7f8de36a4000-7f8de36a9000 r-xp 00000000 103:02 13377505                  /usr/lib/x86_64-linux-gnu/libXtst.so.6.1.0
7f8de36a9000-7f8de38a8000 ---p 00005000 103:02 13377505                  /usr/lib/x86_64-linux-gnu/libXtst.so.6.1.0
7f8de38a8000-7f8de38a9000 r--p 00004000 103:02 13377505                  /usr/lib/x86_64-linux-gnu/libXtst.so.6.1.0
7f8de38a9000-7f8de38aa000 rw-p 00005000 103:02 13377505                  /usr/lib/x86_64-linux-gnu/libXtst.so.6.1.0
7f8de38aa000-7f8de38b3000 r-xp 00000000 103:02 13377499                  /usr/lib/x86_64-linux-gnu/libXrender.so.1.3.0
7f8de38b3000-7f8de3ab2000 ---p 00009000 103:02 13377499                  /usr/lib/x86_64-linux-gnu/libXrender.so.1.3.0
7f8de3ab2000-7f8de3ab3000 r--p 00008000 103:02 13377499                  /usr/lib/x86_64-linux-gnu/libXrender.so.1.3.0
7f8de3ab3000-7f8de3ab4000 rw-p 00009000 103:02 13377499                  /usr/lib/x86_64-linux-gnu/libXrender.so.1.3.0
7f8de3ab4000-7f8de3be9000 r-xp 00000000 103:02 13370735                  /usr/lib/x86_64-linux-gnu/libX11.so.6.3.0
7f8de3be9000-7f8de3de9000 ---p 00135000 103:02 13370735                  /usr/lib/x86_64-linux-gnu/libX11.so.6.3.0
7f8de3de9000-7f8de3dea000 r--p 00135000 103:02 13370735                  /usr/lib/x86_64-linux-gnu/libX11.so.6.3.0
7f8de3dea000-7f8de3dee000 rw-p 00136000 103:02 13370735                  /usr/lib/x86_64-linux-gnu/libX11.so.6.3.0
7f8de3dee000-7f8de3dff000 r-xp 00000000 103:02 13377479                  /usr/lib/x86_64-linux-gnu/libXext.so.6.4.0
7f8de3dff000-7f8de3ffe000 ---p 00011000 103:02 13377479                  /usr/lib/x86_64-linux-gnu/libXext.so.6.4.0
7f8de3ffe000-7f8de3fff000 r--p 00010000 103:02 13377479                  /usr/lib/x86_64-linux-gnu/libXext.so.6.4.0
7f8de3fff000-7f8de4000000 rw-p 00011000 103:02 13377479                  /usr/lib/x86_64-linux-gnu/libXext.so.6.4.0
7f8de4000000-7f8de470a000 rw-p 00000000 00:00 0 
7f8de470a000-7f8de8000000 ---p 00000000 00:00 0 
7f8de8000000-7f8de8021000 rw-p 00000000 00:00 0 
7f8de8021000-7f8dec000000 ---p 00000000 00:00 0 
7f8dec000000-7f8dec0c3000 rw-p 00000000 00:00 0 
7f8dec0c3000-7f8df0000000 ---p 00000000 00:00 0 
7f8df0000000-7f8df0281000 rw-p 00000000 00:00 0 
7f8df0281000-7f8df4000000 ---p 00000000 00:00 0 
7f8df4000000-7f8df4021000 rw-p 00000000 00:00 0 
7f8df4021000-7f8df8000000 ---p 00000000 00:00 0 
7f8df8000000-7f8df8021000 rw-p 00000000 00:00 0 
7f8df8021000-7f8dfc000000 ---p 00000000 00:00 0 
7f8dfc000000-7f8dfc021000 rw-p 00000000 00:00 0 
7f8dfc021000-7f8e00000000 ---p 00000000 00:00 0 
7f8e00000000-7f8e00021000 rw-p 00000000 00:00 0 
7f8e00021000-7f8e04000000 ---p 00000000 00:00 0 
7f8e04000000-7f8e04021000 rw-p 00000000 00:00 0 
7f8e04021000-7f8e08000000 ---p 00000000 00:00 0 
7f8e08000000-7f8e08021000 rw-p 00000000 00:00 0 
7f8e08021000-7f8e0c000000 ---p 00000000 00:00 0 
7f8e0c000000-7f8e0c021000 rw-p 00000000 00:00 0 
7f8e0c021000-7f8e10000000 ---p 00000000 00:00 0 
7f8e10000000-7f8e10021000 rw-p 00000000 00:00 0 
7f8e10021000-7f8e14000000 ---p 00000000 00:00 0 
7f8e14000000-7f8e14021000 rw-p 00000000 00:00 0 
7f8e14021000-7f8e18000000 ---p 00000000 00:00 0 
7f8e18000000-7f8e18021000 rw-p 00000000 00:00 0 
7f8e18021000-7f8e1c000000 ---p 00000000 00:00 0 
7f8e1c000000-7f8e1c021000 rw-p 00000000 00:00 0 
7f8e1c021000-7f8e20000000 ---p 00000000 00:00 0 
7f8e20002000-7f8e20005000 ---p 00000000 00:00 0 
7f8e20005000-7f8e20103000 rw-p 00000000 00:00 0 
7f8e20103000-7f8e20106000 ---p 00000000 00:00 0 
7f8e20106000-7f8e20204000 rw-p 00000000 00:00 0 
7f8e20204000-7f8e20257000 r-xp 00000000 103:02 1988                      /usr/lib/jvm/java-8-oracle/jre/lib/amd64/libawt_xawt.so
7f8e20257000-7f8e20456000 ---p 00053000 103:02 1988                      /usr/lib/jvm/java-8-oracle/jre/lib/amd64/libawt_xawt.so
7f8e20456000-7f8e20457000 r--p 00052000 103:02 1988                      /usr/lib/jvm/java-8-oracle/jre/lib/amd64/libawt_xawt.so
7f8e20457000-7f8e2045a000 rw-p 00053000 103:02 1988                      /usr/lib/jvm/java-8-oracle/jre/lib/amd64/libawt_xawt.so
7f8e2045a000-7f8e2045b000 rw-p 00000000 00:00 0 
7f8e2045b000-7f8e204fb000 r-xp 00000000 103:02 1974                      /usr/lib/jvm/java-8-oracle/jre/lib/amd64/libawt.so
7f8e204fb000-7f8e206fa000 ---p 000a0000 103:02 1974                      /usr/lib/jvm/java-8-oracle/jre/lib/amd64/libawt.so
7f8e206fa000-7f8e206fb000 r--p 0009f000 103:02 1974                      /usr/lib/jvm/java-8-oracle/jre/lib/amd64/libawt.so
7f8e206fb000-7f8e20706000 rw-p 000a0000 103:02 1974                      /usr/lib/jvm/java-8-oracle/jre/lib/amd64/libawt.so
7f8e20706000-7f8e2072b000 rw-p 00000000 00:00 0 
7f8e2072b000-7f8e2073b000 r--s 000a8000 103:02 13107230                  /home/v-swati.patil/.m2/repository/org/apache/commons/commons-collections4/4.4/commons-collections4-4.4.jar
7f8e2073b000-7f8e2082a000 r--s 0067e000 103:02 13107763                  /home/v-swati.patil/.m2/repository/org/apache/poi/poi-ooxml-schemas/4.1.0/poi-ooxml-schemas-4.1.0.jar
7f8e2082a000-7f8e20864000 r--s 0023c000 103:02 13107767                  /home/v-swati.patil/.m2/repository/org/apache/xmlbeans/xmlbeans/3.1.0/xmlbeans-3.1.0.jar
7f8e20864000-7f8e20869000 r--s 00016000 103:02 12585363                  /home/v-swati.patil/.m2/repository/xml-apis/xml-apis/1.0.b2/xml-apis-1.0.b2.jar
7f8e20869000-7f8e2086e000 r--s 00048000 103:02 11797246                  /home/v-swati.patil/.m2/repository/dom4j/dom4j/1.6.1/dom4j-1.6.1.jar
7f8e2086e000-7f8e20872000 r--s 00018000 103:02 13107765                  /home/v-swati.patil/.m2/repository/com/github/virtuald/curvesapi/1.06/curvesapi-1.06.jar
7f8e20872000-7f8e2087d000 r--s 00086000 103:02 11927972                  /home/v-swati.patil/.m2/repository/org/apache/commons/commons-compress/1.18/commons-compress-1.18.jar
7f8e2087d000-7f8e20894000 r--s 0019f000 103:02 13107761                  /home/v-swati.patil/.m2/repository/org/apache/poi/poi-ooxml/4.1.0/poi-ooxml-4.1.0.jar
7f8e20894000-7f8e208bb000 r--s 001f6000 103:02 13107759                  /home/v-swati.patil/.m2/repository/org/apache/commons/commons-math3/3.6.1/commons-math3-3.6.1.jar
7f8e208bb000-7f8e208c1000 r--s 0004d000 103:02 13107755                  /home/v-swati.patil/.m2/repository/commons-codec/commons-codec/1.12/commons-codec-1.12.jar
7f8e208c1000-7f8e208ed000 r--s 00275000 103:02 13107753                  /home/v-swati.patil/.m2/repository/org/apache/poi/poi/4.1.0/poi-4.1.0.jar
7f8e208ed000-7f8e208fb000 r--s 0007f000 103:02 11797303                  /home/v-swati.patil/.m2/repository/commons-collections/commons-collections/3.2.1/commons-collections-3.2.1.jar
7f8e208fb000-7f8e20912000 r--s 001b7000 103:02 12714556                  /home/v-swati.patil/.m2/repository/mysql/mysql-connector-java/6.0.5/mysql-connector-java-6.0.5.jar
7f8e20912000-7f8e20914000 r--s 0000e000 103:02 12453535                  /home/v-swati.patil/.m2/repository/javax/activation/activation/1.1/activation-1.1.jar
7f8e20914000-7f8e2091c000 r--s 00081000 103:02 12454126                  /home/v-swati.patil/.m2/repository/javax/mail/mail/1.4.7/mail-1.4.7.jar
7f8e2091c000-7f8e2091e000 r--s 00009000 103:02 11799506                  /home/v-swati.patil/.m2/repository/org/slf4j/slf4j-api/1.8.0-alpha2/slf4j-api-1.8.0-alpha2.jar
7f8e2091e000-7f8e20927000 r--s 0006f000 103:02 12585365                  /home/v-swati.patil/.m2/repository/log4j/log4j/1.2.17/log4j-1.2.17.jar
7f8e20927000-7f8e20929000 r--s 00000000 103:02 12194732                  /home/v-swati.patil/.m2/repository/aopalliance/aopalliance/1.0/aopalliance-1.0.jar
7f8e20929000-7f8e2092a000 r--s 00000000 103:02 11799492                  /home/v-swati.patil/.m2/repository/javax/inject/javax.inject/1/javax.inject-1.jar
7f8e2092a000-7f8e2093a000 r--s 000ba000 103:02 11928029                  /home/v-swati.patil/.m2/repository/com/google/inject/guice/4.2.0/guice-4.2.0.jar
7f8e2093a000-7f8e20944000 r--s 0008c000 103:02 13107641                  /home/v-swati.patil/.m2/repository/velocity/velocity-dep/1.4/velocity-dep-1.4.jar
7f8e20944000-7f8e2094c000 r--s 00051000 103:02 13107649                  /home/v-swati.patil/.m2/repository/velocity/velocity/1.4/velocity-1.4.jar
7f8e2094c000-7f8e2094e000 r--s 00009000 103:02 12714973                  /home/v-swati.patil/.m2/repository/org/uncommons/reportng/1.1.4/reportng-1.1.4.jar
7f8e2094e000-7f8e2095e000 r--s 000a7000 103:02 11797363                  /home/v-swati.patil/.m2/repository/org/mongodb/mongodb-driver-core/3.0.4/mongodb-driver-core-3.0.4.jar
7f8e2095e000-7f8e20963000 r--s 00032000 103:02 11797359                  /home/v-swati.patil/.m2/repository/org/mongodb/bson/3.0.4/bson-3.0.4.jar
7f8e20963000-7f8e20969000 r--s 00048000 103:02 11797357                  /home/v-swati.patil/.m2/repository/org/mongodb/mongodb-driver/3.0.4/mongodb-driver-3.0.4.jar
7f8e20969000-7f8e20981000 r--s 00132000 103:02 11797355                  /home/v-swati.patil/.m2/repository/org/freemarker/freemarker/2.3.23/freemarker-2.3.23.jar
7f8e20981000-7f8e20986000 r--s 004ef000 103:02 11797353                  /home/v-swati.patil/.m2/repository/org/xerial/sqlite-jdbc/3.8.11.1/sqlite-jdbc-3.8.11.1.jar
7f8e20986000-7f8e2098a000 r--s 001b1000 103:02 11797349                  /home/v-swati.patil/.m2/repository/com/relevantcodes/extentreports/2.41.2/extentreports-2.41.2.jar
7f8e2098a000-7f8e20990000 r--s 0005b000 103:02 11927974                  /home/v-swati.patil/.m2/repository/org/jsoup/jsoup/1.11.3/jsoup-1.11.3.jar
7f8e20990000-7f8e20992000 r--s 00009000 103:02 11927970                  /home/v-swati.patil/.m2/repository/org/rauschig/jarchivelib/1.0.0/jarchivelib-1.0.0.jar
7f8e20992000-7f8e20994000 r--s 0000e000 103:02 11799358                  /home/v-swati.patil/.m2/repository/commons-logging/commons-logging/1.2/commons-logging-1.2.jar
7f8e20994000-7f8e2099b000 r--s 00049000 103:02 11927966                  /home/v-swati.patil/.m2/repository/org/apache/httpcomponents/httpcore/4.4.10/httpcore-4.4.10.jar
7f8e2099b000-7f8e209a8000 r--s 000af000 103:02 11927964                  /home/v-swati.patil/.m2/repository/org/apache/httpcomponents/httpclient/4.5.6/httpclient-4.5.6.jar
7f8e209a8000-7f8e209b0000 r--s 00073000 103:02 11927962                  /home/v-swati.patil/.m2/repository/org/apache/commons/commons-lang3/3.8.1/commons-lang3-3.8.1.jar
7f8e209b0000-7f8e209b5000 r--s 00036000 103:02 11927960                  /home/v-swati.patil/.m2/repository/com/google/code/gson/gson/2.8.5/gson-2.8.5.jar
7f8e209b5000-7f8e209b9000 r--s 00031000 103:02 11927958                  /home/v-swati.patil/.m2/repository/commons-io/commons-io/2.6/commons-io-2.6.jar
7f8e209b9000-7f8e209bb000 r--s 00012000 103:02 11927954                  /home/v-swati.patil/.m2/repository/io/github/bonigarcia/webdrivermanager/3.2.0/webdrivermanager-3.2.0.jar
7f8e209bb000-7f8e209bc000 r--s 00014000 103:02 11799356                  /home/v-swati.patil/.m2/repository/com/squareup/okio/okio/1.14.0/okio-1.14.0.jar
7f8e209bc000-7f8e209c1000 r--s 00060000 103:02 11799354                  /home/v-swati.patil/.m2/repository/com/squareup/okhttp3/okhttp/3.11.0/okhttp-3.11.0.jar
7f8e209c1000-7f8e209c2000 r--s 00000000 103:02 11799352                  /home/v-swati.patil/.m2/repository/org/codehaus/mojo/animal-sniffer-annotations/1.14/animal-sniffer-annotations-1.14.jar
7f8e209c2000-7f8e209c4000 r--s 00001000 103:02 11799350                  /home/v-swati.patil/.m2/repository/com/google/j2objc/j2objc-annotations/1.1/j2objc-annotations-1.1.jar
7f8e209c4000-7f8e209c6000 r--s 00002000 103:02 11799348                  /home/v-swati.patil/.m2/repository/com/google/errorprone/error_prone_annotations/2.1.3/error_prone_annotations-2.1.3.jar
7f8e209c6000-7f8e209c8000 r--s 00006000 103:02 11799346                  /home/v-swati.patil/.m2/repository/org/checkerframework/checker-compat-qual/2.0.0/checker-compat-qual-2.0.0.jar
7f8e209c8000-7f8e209cb000 r--s 00006000 103:02 11799344                  /home/v-swati.patil/.m2/repository/com/google/code/findbugs/jsr305/1.3.9/jsr305-1.3.9.jar
7f8e209cb000-7f8e209fd000 r--s 0026b000 103:02 11799342                  /home/v-swati.patil/.m2/repository/com/google/guava/guava/25.0-jre/guava-25.0-jre.jar
7f8e209fd000-7f8e209ff000 r--s 0000c000 103:02 11799340                  /home/v-swati.patil/.m2/repository/org/apache/commons/commons-exec/1.3/commons-exec-1.3.jar
7f8e209ff000-7f8e20a3f000 r--s 0029a000 103:02 11799338                  /home/v-swati.patil/.m2/repository/net/bytebuddy/byte-buddy/1.8.15/byte-buddy-1.8.15.jar
7f8e20a3f000-7f8e20a43000 r--s 00021000 103:02 11799336                  /home/v-swati.patil/.m2/repository/org/seleniumhq/selenium/selenium-support/3.141.59/selenium-support-3.141.59.jar
7f8e20a43000-7f8e20a44000 r--s 00003000 103:02 11799334                  /home/v-swati.patil/.m2/repository/org/seleniumhq/selenium/selenium-safari-driver/3.141.59/selenium-safari-driver-3.141.59.jar
7f8e20a44000-7f8e20a4a000 r--s 0004c000 103:02 11799332                  /home/v-swati.patil/.m2/repository/org/seleniumhq/selenium/selenium-remote-driver/3.141.59/selenium-remote-driver-3.141.59.jar
7f8e20a4a000-7f8e20a4c000 r--s 00003000 103:02 11799328                  /home/v-swati.patil/.m2/repository/org/seleniumhq/selenium/selenium-ie-driver/3.141.59/selenium-ie-driver-3.141.59.jar
7f8e20a4c000-7f8e20a4e000 r--s 000c4000 103:02 11799326                  /home/v-swati.patil/.m2/repository/org/seleniumhq/selenium/selenium-firefox-driver/3.141.59/selenium-firefox-driver-3.141.59.jar
7f8e20a4e000-7f8e20a54000 r--s 00027000 103:02 11799320                  /home/v-swati.patil/.m2/repository/org/seleniumhq/selenium/selenium-api/3.141.59/selenium-api-3.141.59.jar
7f8e20a54000-7f8e20a69000 r--s 000b9000 103:02 13113761                  /home/v-swati.patil/.m2/repository/org/testng/testng/6.14.3/testng-6.14.3.jar
7f8e20a69000-7f8e20a7f000 r--s 00166000 103:02 12060023                  /home/v-swati.patil/Downloads/poi-4.1.0/poi-scratchpad-4.1.0.jar
7f8e20a7f000-7f8e20b6e000 r--s 0067e000 103:02 12060021                  /home/v-swati.patil/Downloads/poi-4.1.0/poi-ooxml-schemas-4.1.0.jar
7f8e20b6e000-7f8e20b85000 r--s 0019f000 103:02 12060022                  /home/v-swati.patil/Downloads/poi-4.1.0/poi-ooxml-4.1.0.jar
7f8e20b85000-7f8e20bb1000 r--s 00275000 103:02 12060024                  /home/v-swati.patil/Downloads/poi-4.1.0/poi-4.1.0.jar
7f8e20bb1000-7f8e20bb2000 ---p 00000000 00:00 0 
7f8e20bb2000-7f8e20cb2000 rw-p 00000000 00:00 0 
7f8e20cb2000-7f8e20cb5000 ---p 00000000 00:00 0 
7f8e20cb5000-7f8e20db3000 rw-p 00000000 00:00 0 
7f8e20db3000-7f8e20db6000 ---p 00000000 00:00 0 
7f8e20db6000-7f8e20eb4000 rw-p 00000000 00:00 0 
7f8e20eb4000-7f8e20eb7000 ---p 00000000 00:00 0 
7f8e20eb7000-7f8e20fb5000 rw-p 00000000 00:00 0 
7f8e20fb5000-7f8e20fb8000 ---p 00000000 00:00 0 
7f8e20fb8000-7f8e210b6000 rw-p 00000000 00:00 0 
7f8e210b6000-7f8e210b9000 ---p 00000000 00:00 0 
7f8e210b9000-7f8e211b7000 rw-p 00000000 00:00 0 
7f8e211b7000-7f8e211ba000 ---p 00000000 00:00 0 
7f8e211ba000-7f8e212b8000 rw-p 00000000 00:00 0 
7f8e212b8000-7f8e212bb000 ---p 00000000 00:00 0 
7f8e212bb000-7f8e213b9000 rw-p 00000000 00:00 0 
7f8e213b9000-7f8e213d0000 r-xp 00000000 103:02 9966155                   /lib/x86_64-linux-gnu/libresolv-2.23.so
7f8e213d0000-7f8e215d0000 ---p 00017000 103:02 9966155                   /lib/x86_64-linux-gnu/libresolv-2.23.so
7f8e215d0000-7f8e215d1000 r--p 00017000 103:02 9966155                   /lib/x86_64-linux-gnu/libresolv-2.23.so
7f8e215d1000-7f8e215d2000 rw-p 00018000 103:02 9966155                   /lib/x86_64-linux-gnu/libresolv-2.23.so
7f8e215d2000-7f8e215d4000 rw-p 00000000 00:00 0 
7f8e215d4000-7f8e215d9000 r-xp 00000000 103:02 9966151                   /lib/x86_64-linux-gnu/libnss_dns-2.23.so
7f8e215d9000-7f8e217d9000 ---p 00005000 103:02 9966151                   /lib/x86_64-linux-gnu/libnss_dns-2.23.so
7f8e217d9000-7f8e217da000 r--p 00005000 103:02 9966151                   /lib/x86_64-linux-gnu/libnss_dns-2.23.so
7f8e217da000-7f8e217db000 rw-p 00006000 103:02 9966151                   /lib/x86_64-linux-gnu/libnss_dns-2.23.so
7f8e217db000-7f8e217dc000 r--s 00002000 103:02 11799330                  /home/v-swati.patil/.m2/repository/org/seleniumhq/selenium/selenium-opera-driver/3.141.59/selenium-opera-driver-3.141.59.jar
7f8e217dc000-7f8e217e1000 r--s 002f9000 103:02 1748                      /usr/lib/jvm/java-8-oracle/jre/lib/charsets.jar
7f8e217e1000-7f8e217f4000 r--s 00345000 103:02 1754                      /usr/lib/jvm/java-8-oracle/jre/lib/resources.jar
7f8e217f4000-7f8e217f8000 r-xp 00000000 103:02 1944                      /usr/lib/jvm/java-8-oracle/jre/lib/amd64/libdt_socket.so
7f8e217f8000-7f8e219f7000 ---p 00004000 103:02 1944                      /usr/lib/jvm/java-8-oracle/jre/lib/amd64/libdt_socket.so
7f8e219f7000-7f8e219f8000 r--p 00003000 103:02 1944                      /usr/lib/jvm/java-8-oracle/jre/lib/amd64/libdt_socket.so
7f8e219f8000-7f8e219f9000 rw-p 00004000 103:02 1944                      /usr/lib/jvm/java-8-oracle/jre/lib/amd64/libdt_socket.so
7f8e219f9000-7f8e219fc000 ---p 00000000 00:00 0 
7f8e219fc000-7f8e21afa000 rw-p 00000000 00:00 0 
7f8e21afa000-7f8e21afd000 ---p 00000000 00:00 0 
7f8e21afd000-7f8e21bfb000 rw-p 00000000 00:00 0 
7f8e21bfb000-7f8e21bfe000 ---p 00000000 00:00 0 
7f8e21bfe000-7f8e21cfc000 rw-p 00000000 00:00 0 
7f8e21cfc000-7f8e21cfd000 ---p 00000000 00:00 0 
7f8e21cfd000-7f8e22dbe000 rw-p 00000000 00:00 0 
7f8e22dbe000-7f8e22f98000 r--s 03d6f000 103:02 1750                      /usr/lib/jvm/java-8-oracle/jre/lib/rt.jar
7f8e22f98000-7f8e2bc45000 rw-p 00000000 00:00 0 
7f8e2bc45000-7f8e2bc46000 ---p 00000000 00:00 0 
7f8e2bc46000-7f8e2bd46000 rw-p 00000000 00:00 0 
7f8e2bd46000-7f8e2bd47000 ---p 00000000 00:00 0 
7f8e2bd47000-7f8e2be47000 rw-p 00000000 00:00 0 
7f8e2be47000-7f8e2be48000 ---p 00000000 00:00 0 
7f8e2be48000-7f8e2bf9c000 rw-p 00000000 00:00 0 
7f8e2bf9c000-7f8e2c478000 ---p 00000000 00:00 0 
7f8e2c478000-7f8e2c4cc000 rw-p 00000000 00:00 0 
7f8e2c4cc000-7f8e2c9a7000 ---p 00000000 00:00 0 
7f8e2c9a7000-7f8e2c9d1000 rw-p 00000000 00:00 0 
7f8e2c9d1000-7f8e2cc3f000 ---p 00000000 00:00 0 
7f8e2cc3f000-7f8e2cc4d000 rw-p 00000000 00:00 0 
7f8e2cc4d000-7f8e2d000000 ---p 00000000 00:00 0 
7f8e2d000000-7f8e2d320000 rwxp 00000000 00:00 0 
7f8e2d320000-7f8e3c000000 ---p 00000000 00:00 0 
7f8e3c000000-7f8e3c85d000 rw-p 00000000 00:00 0 
7f8e3c85d000-7f8e40000000 ---p 00000000 00:00 0 
7f8e40000000-7f8e40005000 r--s 0005a000 103:02 13113763                  /home/v-swati.patil/.m2/repository/org/apache-extras/beanshell/bsh/2.0b6/bsh-2.0b6.jar
7f8e40005000-7f8e40047000 rw-p 00000000 00:00 0 
7f8e40047000-7f8e40048000 ---p 00000000 00:00 0 
7f8e40048000-7f8e40148000 rw-p 00000000 00:00 0 
7f8e40148000-7f8e40163000 r-xp 00000000 103:02 1977                      /usr/lib/jvm/java-8-oracle/jre/lib/amd64/libzip.so
7f8e40163000-7f8e40362000 ---p 0001b000 103:02 1977                      /usr/lib/jvm/java-8-oracle/jre/lib/amd64/libzip.so
7f8e40362000-7f8e40363000 r--p 0001a000 103:02 1977                      /usr/lib/jvm/java-8-oracle/jre/lib/amd64/libzip.so
7f8e40363000-7f8e40364000 rw-p 0001b000 103:02 1977                      /usr/lib/jvm/java-8-oracle/jre/lib/amd64/libzip.so
7f8e40364000-7f8e40367000 r-xp 00000000 103:02 1445065                   /opt/pbis/lib/libuuid.so.0.0.0
7f8e40367000-7f8e40466000 ---p 00003000 103:02 1445065                   /opt/pbis/lib/libuuid.so.0.0.0
7f8e40466000-7f8e40467000 rw-p 00002000 103:02 1445065                   /opt/pbis/lib/libuuid.so.0.0.0
7f8e40467000-7f8e404f2000 r-xp 00000000 103:02 1445061                   /opt/pbis/lib/liblwbase_nothr.so.0.0.0
7f8e404f2000-7f8e405f2000 ---p 0008b000 103:02 1445061                   /opt/pbis/lib/liblwbase_nothr.so.0.0.0
7f8e405f2000-7f8e4061e000 rw-p 0008b000 103:02 1445061                   /opt/pbis/lib/liblwbase_nothr.so.0.0.0
7f8e4061e000-7f8e40620000 rw-p 00000000 00:00 0 
7f8e40620000-7f8e40645000 r-xp 00000000 103:02 1445092                   /opt/pbis/lib/liblsacommon.so.0.0.0
7f8e40645000-7f8e40745000 ---p 00025000 103:02 1445092                   /opt/pbis/lib/liblsacommon.so.0.0.0
7f8e40745000-7f8e40751000 rw-p 00025000 103:02 1445092                   /opt/pbis/lib/liblsacommon.so.0.0.0
7f8e40751000-7f8e4077a000 r-xp 00000000 103:02 1445101                   /opt/pbis/lib/liblwadvapi_nothr.so.0.0.0
7f8e4077a000-7f8e40879000 ---p 00029000 103:02 1445101                   /opt/pbis/lib/liblwadvapi_nothr.so.0.0.0
7f8e40879000-7f8e40882000 rw-p 00028000 103:02 1445101                   /opt/pbis/lib/liblwadvapi_nothr.so.0.0.0
7f8e40882000-7f8e408a0000 r-xp 00000000 103:02 1445057                   /opt/pbis/lib/liblwmsg_nothr.so.0.0.0
7f8e408a0000-7f8e4099f000 ---p 0001e000 103:02 1445057                   /opt/pbis/lib/liblwmsg_nothr.so.0.0.0
7f8e4099f000-7f8e409a2000 rw-p 0001d000 103:02 1445057                   /opt/pbis/lib/liblwmsg_nothr.so.0.0.0
7f8e409a2000-7f8e409a5000 r-xp 00000000 103:02 1445031                   /opt/pbis/lib/liblsaauth.so.0.0.0
7f8e409a5000-7f8e40aa4000 ---p 00003000 103:02 1445031                   /opt/pbis/lib/liblsaauth.so.0.0.0
7f8e40aa4000-7f8e40aa5000 rw-p 00002000 103:02 1445031                   /opt/pbis/lib/liblsaauth.so.0.0.0
7f8e40aa5000-7f8e40ac1000 r-xp 00000000 103:02 1445107                   /opt/pbis/lib/liblsaclient.so.0.0.0
7f8e40ac1000-7f8e40bc1000 ---p 0001c000 103:02 1445107                   /opt/pbis/lib/liblsaclient.so.0.0.0
7f8e40bc1000-7f8e40bc2000 rw-p 0001c000 103:02 1445107                   /opt/pbis/lib/liblsaclient.so.0.0.0
7f8e40bc2000-7f8e40bc7000 r-xp 00000000 103:02 9966120                   /lib/libnss_lsass.so.2
7f8e40bc7000-7f8e40cc7000 ---p 00005000 103:02 9966120                   /lib/libnss_lsass.so.2
7f8e40cc7000-7f8e40cc8000 rw-p 00005000 103:02 9966120                   /lib/libnss_lsass.so.2
7f8e40cc8000-7f8e40cd3000 r-xp 00000000 103:02 9966172                   /lib/x86_64-linux-gnu/libnss_files-2.23.so
7f8e40cd3000-7f8e40ed2000 ---p 0000b000 103:02 9966172                   /lib/x86_64-linux-gnu/libnss_files-2.23.so
7f8e40ed2000-7f8e40ed3000 r--p 0000a000 103:02 9966172                   /lib/x86_64-linux-gnu/libnss_files-2.23.so
7f8e40ed3000-7f8e40ed4000 rw-p 0000b000 103:02 9966172                   /lib/x86_64-linux-gnu/libnss_files-2.23.so
7f8e40ed4000-7f8e40eda000 rw-p 00000000 00:00 0 
7f8e40eda000-7f8e40ee5000 r-xp 00000000 103:02 9966152                   /lib/x86_64-linux-gnu/libnss_nis-2.23.so
7f8e40ee5000-7f8e410e4000 ---p 0000b000 103:02 9966152                   /lib/x86_64-linux-gnu/libnss_nis-2.23.so
7f8e410e4000-7f8e410e5000 r--p 0000a000 103:02 9966152                   /lib/x86_64-linux-gnu/libnss_nis-2.23.so
7f8e410e5000-7f8e410e6000 rw-p 0000b000 103:02 9966152                   /lib/x86_64-linux-gnu/libnss_nis-2.23.so
7f8e410e6000-7f8e410fc000 r-xp 00000000 103:02 9966160                   /lib/x86_64-linux-gnu/libnsl-2.23.so
7f8e410fc000-7f8e412fb000 ---p 00016000 103:02 9966160                   /lib/x86_64-linux-gnu/libnsl-2.23.so
7f8e412fb000-7f8e412fc000 r--p 00015000 103:02 9966160                   /lib/x86_64-linux-gnu/libnsl-2.23.so
7f8e412fc000-7f8e412fd000 rw-p 00016000 103:02 9966160                   /lib/x86_64-linux-gnu/libnsl-2.23.so
7f8e412fd000-7f8e412ff000 rw-p 00000000 00:00 0 
7f8e412ff000-7f8e41307000 r-xp 00000000 103:02 9966378                   /lib/x86_64-linux-gnu/libnss_compat-2.23.so
7f8e41307000-7f8e41506000 ---p 00008000 103:02 9966378                   /lib/x86_64-linux-gnu/libnss_compat-2.23.so
7f8e41506000-7f8e41507000 r--p 00007000 103:02 9966378                   /lib/x86_64-linux-gnu/libnss_compat-2.23.so
7f8e41507000-7f8e41508000 rw-p 00008000 103:02 9966378                   /lib/x86_64-linux-gnu/libnss_compat-2.23.so
7f8e41508000-7f8e417e0000 r--p 00000000 103:02 13369444                  /usr/lib/locale/locale-archive
7f8e417e0000-7f8e417e2000 r-xp 00000000 103:02 1946                      /usr/lib/jvm/java-8-oracle/jre/lib/amd64/libnpt.so
7f8e417e2000-7f8e419e2000 ---p 00002000 103:02 1946                      /usr/lib/jvm/java-8-oracle/jre/lib/amd64/libnpt.so
7f8e419e2000-7f8e419e3000 r--p 00002000 103:02 1946                      /usr/lib/jvm/java-8-oracle/jre/lib/amd64/libnpt.so
7f8e419e3000-7f8e419e4000 rw-p 00003000 103:02 1946                      /usr/lib/jvm/java-8-oracle/jre/lib/amd64/libnpt.so
7f8e419e4000-7f8e41a1e000 r-xp 00000000 103:02 1964                      /usr/lib/jvm/java-8-oracle/jre/lib/amd64/libjdwp.so
7f8e41a1e000-7f8e41c1d000 ---p 0003a000 103:02 1964                      /usr/lib/jvm/java-8-oracle/jre/lib/amd64/libjdwp.so
7f8e41c1d000-7f8e41c1e000 r--p 00039000 103:02 1964                      /usr/lib/jvm/java-8-oracle/jre/lib/amd64/libjdwp.so
7f8e41c1e000-7f8e41c1f000 rw-p 0003a000 103:02 1964                      /usr/lib/jvm/java-8-oracle/jre/lib/amd64/libjdwp.so
7f8e41c1f000-7f8e41c4b000 r-xp 00000000 103:02 1971                      /usr/lib/jvm/java-8-oracle/jre/lib/amd64/libjava.so
7f8e41c4b000-7f8e41e4b000 ---p 0002c000 103:02 1971                      /usr/lib/jvm/java-8-oracle/jre/lib/amd64/libjava.so
7f8e41e4b000-7f8e41e4c000 r--p 0002c000 103:02 1971                      /usr/lib/jvm/java-8-oracle/jre/lib/amd64/libjava.so
7f8e41e4c000-7f8e41e4e000 rw-p 0002d000 103:02 1971                      /usr/lib/jvm/java-8-oracle/jre/lib/amd64/libjava.so
7f8e41e4e000-7f8e41e5b000 r-xp 00000000 103:02 1976                      /usr/lib/jvm/java-8-oracle/jre/lib/amd64/libverify.so
7f8e41e5b000-7f8e4205a000 ---p 0000d000 103:02 1976                      /usr/lib/jvm/java-8-oracle/jre/lib/amd64/libverify.so
7f8e4205a000-7f8e4205c000 r--p 0000c000 103:02 1976                      /usr/lib/jvm/java-8-oracle/jre/lib/amd64/libverify.so
7f8e4205c000-7f8e4205d000 rw-p 0000e000 103:02 1976                      /usr/lib/jvm/java-8-oracle/jre/lib/amd64/libverify.so
7f8e4205d000-7f8e42064000 r-xp 00000000 103:02 9966123                   /lib/x86_64-linux-gnu/librt-2.23.so
7f8e42064000-7f8e42263000 ---p 00007000 103:02 9966123                   /lib/x86_64-linux-gnu/librt-2.23.so
7f8e42263000-7f8e42264000 r--p 00006000 103:02 9966123                   /lib/x86_64-linux-gnu/librt-2.23.so
7f8e42264000-7f8e42265000 rw-p 00007000 103:02 9966123                   /lib/x86_64-linux-gnu/librt-2.23.so
7f8e42265000-7f8e4236d000 r-xp 00000000 103:02 9966382                   /lib/x86_64-linux-gnu/libm-2.23.so
7f8e4236d000-7f8e4256c000 ---p 00108000 103:02 9966382                   /lib/x86_64-linux-gnu/libm-2.23.so
7f8e4256c000-7f8e4256d000 r--p 00107000 103:02 9966382                   /lib/x86_64-linux-gnu/libm-2.23.so
7f8e4256d000-7f8e4256e000 rw-p 00108000 103:02 9966382                   /lib/x86_64-linux-gnu/libm-2.23.so
7f8e4256e000-7f8e43256000 r-xp 00000000 103:02 1953                      /usr/lib/jvm/java-8-oracle/jre/lib/amd64/server/libjvm.so
7f8e43256000-7f8e43455000 ---p 00ce8000 103:02 1953                      /usr/lib/jvm/java-8-oracle/jre/lib/amd64/server/libjvm.so
7f8e43455000-7f8e434eb000 r--p 00ce7000 103:02 1953                      /usr/lib/jvm/java-8-oracle/jre/lib/amd64/server/libjvm.so
7f8e434eb000-7f8e4351c000 rw-p 00d7d000 103:02 1953                      /usr/lib/jvm/java-8-oracle/jre/lib/amd64/server/libjvm.so
7f8e4351c000-7f8e43557000 rw-p 00000000 00:00 0 
7f8e43557000-7f8e43717000 r-xp 00000000 103:02 9966199                   /lib/x86_64-linux-gnu/libc-2.23.so
7f8e43717000-7f8e43917000 ---p 001c0000 103:02 9966199                   /lib/x86_64-linux-gnu/libc-2.23.so
7f8e43917000-7f8e4391b000 r--p 001c0000 103:02 9966199                   /lib/x86_64-linux-gnu/libc-2.23.so
7f8e4391b000-7f8e4391d000 rw-p 001c4000 103:02 9966199                   /lib/x86_64-linux-gnu/libc-2.23.so
7f8e4391d000-7f8e43921000 rw-p 00000000 00:00 0 
7f8e43921000-7f8e43924000 r-xp 00000000 103:02 9966142                   /lib/x86_64-linux-gnu/libdl-2.23.so
7f8e43924000-7f8e43b23000 ---p 00003000 103:02 9966142                   /lib/x86_64-linux-gnu/libdl-2.23.so
7f8e43b23000-7f8e43b24000 r--p 00002000 103:02 9966142                   /lib/x86_64-linux-gnu/libdl-2.23.so
7f8e43b24000-7f8e43b25000 rw-p 00003000 103:02 9966142                   /lib/x86_64-linux-gnu/libdl-2.23.so
7f8e43b25000-7f8e43b3c000 r-xp 00000000 103:02 1629                      /usr/lib/jvm/java-8-oracle/lib/amd64/jli/libjli.so
7f8e43b3c000-7f8e43d3b000 ---p 00017000 103:02 1629                      /usr/lib/jvm/java-8-oracle/lib/amd64/jli/libjli.so
7f8e43d3b000-7f8e43d3c000 r--p 00016000 103:02 1629                      /usr/lib/jvm/java-8-oracle/lib/amd64/jli/libjli.so
7f8e43d3c000-7f8e43d3d000 rw-p 00017000 103:02 1629                      /usr/lib/jvm/java-8-oracle/lib/amd64/jli/libjli.so
7f8e43d3d000-7f8e43d55000 r-xp 00000000 103:02 9966149                   /lib/x86_64-linux-gnu/libpthread-2.23.so
7f8e43d55000-7f8e43f54000 ---p 00018000 103:02 9966149                   /lib/x86_64-linux-gnu/libpthread-2.23.so
7f8e43f54000-7f8e43f55000 r--p 00017000 103:02 9966149                   /lib/x86_64-linux-gnu/libpthread-2.23.so
7f8e43f55000-7f8e43f56000 rw-p 00018000 103:02 9966149                   /lib/x86_64-linux-gnu/libpthread-2.23.so
7f8e43f56000-7f8e43f5a000 rw-p 00000000 00:00 0 
7f8e43f5a000-7f8e43f80000 r-xp 00000000 103:02 9966148                   /lib/x86_64-linux-gnu/ld-2.23.so
7f8e43f80000-7f8e43f81000 r--s 00001000 103:02 11799324                  /home/v-swati.patil/.m2/repository/org/seleniumhq/selenium/selenium-edge-driver/3.141.59/selenium-edge-driver-3.141.59.jar
7f8e43f81000-7f8e43f83000 r--s 00002000 103:02 11799322                  /home/v-swati.patil/.m2/repository/org/seleniumhq/selenium/selenium-chrome-driver/3.141.59/selenium-chrome-driver-3.141.59.jar
7f8e43f83000-7f8e43f84000 r--s 00000000 103:02 11799318                  /home/v-swati.patil/.m2/repository/org/seleniumhq/selenium/selenium-java/3.141.59/selenium-java-3.141.59.jar
7f8e43f84000-7f8e43f8a000 r--s 00063000 103:02 12060019                  /home/v-swati.patil/Downloads/poi-4.1.0/poi-examples-4.1.0.jar
7f8e43f8a000-7f8e43f8f000 r--s 00084000 103:02 1673                      /usr/lib/jvm/java-8-oracle/jre/lib/jfr.jar
7f8e43f8f000-7f8e44060000 rw-p 00000000 00:00 0 
7f8e44060000-7f8e44063000 ---p 00000000 00:00 0 
7f8e44063000-7f8e44166000 rw-p 00000000 00:00 0 
7f8e44166000-7f8e44168000 r--s 0000f000 103:02 13113759                  /home/v-swati.patil/.m2/repository/com/beust/jcommander/1.72/jcommander-1.72.jar
7f8e44168000-7f8e44169000 r--s 00007000 103:02 12060020                  /home/v-swati.patil/Downloads/poi-4.1.0/poi-excelant-4.1.0.jar
7f8e44169000-7f8e4416e000 r--s 002f9000 103:02 1748                      /usr/lib/jvm/java-8-oracle/jre/lib/charsets.jar
7f8e4416e000-7f8e44171000 r--s 0001a000 103:02 1761                      /usr/lib/jvm/java-8-oracle/jre/lib/jce.jar
7f8e44171000-7f8e44175000 r--s 000a1000 103:02 1755                      /usr/lib/jvm/java-8-oracle/jre/lib/jsse.jar
7f8e44175000-7f8e4417d000 rw-s 00000000 103:02 4456689                   /tmp/hsperfdata_YATRAONLINE\v-swati.patil/22863
7f8e4417d000-7f8e4417e000 rw-p 00000000 00:00 0 
7f8e4417e000-7f8e4417f000 r--p 00000000 00:00 0 
7f8e4417f000-7f8e44180000 r--p 00025000 103:02 9966148                   /lib/x86_64-linux-gnu/ld-2.23.so
7f8e44180000-7f8e44181000 rw-p 00026000 103:02 9966148                   /lib/x86_64-linux-gnu/ld-2.23.so
7f8e44181000-7f8e44182000 rw-p 00000000 00:00 0 
7ffc1c602000-7ffc1c625000 rw-p 00000000 00:00 0                          [stack]
7ffc1c77b000-7ffc1c77e000 r--p 00000000 00:00 0                          [vvar]
7ffc1c77e000-7ffc1c780000 r-xp 00000000 00:00 0                          [vdso]
ffffffffff600000-ffffffffff601000 r-xp 00000000 00:00 0                  [vsyscall]

VM Arguments:
jvm_args: -agentlib:jdwp=transport=dt_socket,suspend=y,address=localhost:37125 -Dfile.encoding=UTF-8 
java_command: bsh.util.AWTConsole
java_class_path (initial): /usr/lib/jvm/java-8-oracle/jre/lib/resources.jar:/usr/lib/jvm/java-8-oracle/jre/lib/rt.jar:/usr/lib/jvm/java-8-oracle/jre/lib/jsse.jar:/usr/lib/jvm/java-8-oracle/jre/lib/jce.jar:/usr/lib/jvm/java-8-oracle/jre/lib/charsets.jar:/usr/lib/jvm/java-8-oracle/jre/lib/jfr.jar:/usr/lib/jvm/java-8-oracle/jre/lib/ext/dnsns.jar:/usr/lib/jvm/java-8-oracle/jre/lib/ext/sunec.jar:/usr/lib/jvm/java-8-oracle/jre/lib/ext/zipfs.jar:/usr/lib/jvm/java-8-oracle/jre/lib/ext/nashorn.jar:/usr/lib/jvm/java-8-oracle/jre/lib/ext/sunpkcs11.jar:/usr/lib/jvm/java-8-oracle/jre/lib/ext/sunjce_provider.jar:/usr/lib/jvm/java-8-oracle/jre/lib/ext/jaccess.jar:/usr/lib/jvm/java-8-oracle/jre/lib/ext/cldrdata.jar:/usr/lib/jvm/java-8-oracle/jre/lib/ext/localedata.jar:/usr/lib/jvm/java-8-oracle/jre/lib/ext/jfxrt.jar:/home/v-swati.patil/eclipse-workspace/DataDrivenFramework/target/classes:/home/v-swati.patil/Downloads/poi-4.1.0/poi-4.1.0.jar:/home/v-swati.patil/Downloads/poi-4.1.0/poi-examples-4.1.0.jar:/home/v-swati.patil/Downloads/poi-4.1.0/poi-excelant-4.1.0.jar:/home/v-swati.patil/Downloads/poi-4.1.0/poi-ooxml-4.1.0.jar:/home/v-swati.patil/Downloads/poi-4.1.0/poi-ooxml-schemas-4.1.0.jar:/home/v-swati.patil/Downloads/poi-4.1.0/poi-scratchpad-4.1.0.jar:/home/v-swati.patil/.m2/repository/org/testng/testng/6.14.3/testng-6.14.3.jar:/home/v-swati.patil/.m2/repository/com/beust/jcommander/1.72/jcommander-1.72.jar:/home/v-swati.patil/.m2/repository/org/apache-extras/beanshell/bsh/2.0b6/bsh-2.0b6.jar:/home/v-swati.patil/.m2/repository/org/seleniumhq/selenium/selenium-java/3.141.59/selenium-java-3.141.59.jar:/home/v-swati.patil/.m2/repository/org/seleniumhq/selenium/selenium-api/3.141.59/selenium-api-3.141.59.jar:/home/v-swati.patil/.m2/repository/org/seleniumhq/selenium/selenium-chrome-driver/3.141.59/selenium-chrome-driver-3.141.59.jar:/home/v-swati.patil/.m2/repository/org/seleniumhq/selenium/selenium-edge-driver/3.141.59/selenium-edge-driver-3.141.59.jar:/home/v-swati.patil/.m2/repo
Launcher Type: SUN_STANDARD

Environment Variables:
JAVA_HOME=/usr/lib/jvm/java-8-oracle
PATH=/home/v-swati.patil/bin:/home/v-swati.patil/.local/bin:/usr/local/sbin:/usr/local/bin:/usr/sbin:/usr/bin:/sbin:/bin:/usr/games:/usr/local/bin/geckodriver:/snap/bin:/usr/lib/jvm/java-8-oracle/bin:/usr/lib/jvm/java-8-oracle/db/bin:/usr/lib/jvm/java-8-oracle/jre/bin:/usr/local/bin/geckodriver
SHELL=/bin/bash
DISPLAY=:0

Signal Handlers:
SIGSEGV: [libjvm.so+0xad3e60], sa_mask[0]=11111111011111111101111111111110, sa_flags=SA_RESTART|SA_SIGINFO
SIGBUS: [libjvm.so+0xad3e60], sa_mask[0]=11111111011111111101111111111110, sa_flags=SA_RESTART|SA_SIGINFO
SIGFPE: [libjvm.so+0x90b880], sa_mask[0]=11111111011111111101111111111110, sa_flags=SA_RESTART|SA_SIGINFO
SIGPIPE: [libjvm.so+0x90b880], sa_mask[0]=11111111011111111101111111111110, sa_flags=SA_RESTART|SA_SIGINFO
SIGXFSZ: [libjvm.so+0x90b880], sa_mask[0]=11111111011111111101111111111110, sa_flags=SA_RESTART|SA_SIGINFO
SIGILL: [libjvm.so+0x90b880], sa_mask[0]=11111111011111111101111111111110, sa_flags=SA_RESTART|SA_SIGINFO
SIGUSR1: SIG_DFL, sa_mask[0]=00000000000000000000000000000000, sa_flags=none
SIGUSR2: [libjvm.so+0x90b750], sa_mask[0]=00100000000000000000000000000000, sa_flags=SA_RESTART|SA_SIGINFO
SIGHUP: [libjvm.so+0x90bd70], sa_mask[0]=11111111011111111101111111111110, sa_flags=SA_RESTART|SA_SIGINFO
SIGINT: [libjvm.so+0x90bd70], sa_mask[0]=11111111011111111101111111111110, sa_flags=SA_RESTART|SA_SIGINFO
SIGTERM: [libjvm.so+0x90bd70], sa_mask[0]=11111111011111111101111111111110, sa_flags=SA_RESTART|SA_SIGINFO
SIGQUIT: [libjvm.so+0x90bd70], sa_mask[0]=11111111011111111101111111111110, sa_flags=SA_RESTART|SA_SIGINFO


---------------  S Y S T E M  ---------------

OS:DISTRIB_ID=Ubuntu
DISTRIB_RELEASE=16.04
DISTRIB_CODENAME=xenial
DISTRIB_DESCRIPTION="Ubuntu 16.04.6 LTS"

uname:Linux 4.13.0-45-generic #50~16.04.1-Ubuntu SMP Wed May 30 11:18:27 UTC 2018 x86_64
libc:glibc 2.23 NPTL 2.23 
rlimit: STACK 8192k, CORE 0k, NPROC 63241, NOFILE 1048576, AS infinity
load average:3.53 2.98 3.15

/proc/meminfo:
MemTotal:       16304488 kB
MemFree:         2002416 kB
MemAvailable:    6855848 kB
Buffers:          431332 kB
Cached:          4703172 kB
SwapCached:          584 kB
Active:         11536064 kB
Inactive:        2045156 kB
Active(anon):    7713596 kB
Inactive(anon):  1078116 kB
Active(file):    3822468 kB
Inactive(file):   967040 kB
Unevictable:         232 kB
Mlocked:             232 kB
SwapTotal:      16654332 kB
SwapFree:       16639144 kB
Dirty:               280 kB
Writeback:             0 kB
AnonPages:       8408964 kB
Mapped:           972120 kB
Shmem:            344844 kB
Slab:             512636 kB
SReclaimable:     400128 kB
SUnreclaim:       112508 kB
KernelStack:       13672 kB
PageTables:        91592 kB
NFS_Unstable:          0 kB
Bounce:                0 kB
WritebackTmp:          0 kB
CommitLimit:    24806576 kB
Committed_AS:   24004852 kB
VmallocTotal:   34359738367 kB
VmallocUsed:           0 kB
VmallocChunk:          0 kB
HardwareCorrupted:     0 kB
AnonHugePages:         0 kB
ShmemHugePages:        0 kB
ShmemPmdMapped:        0 kB
CmaTotal:              0 kB
CmaFree:               0 kB
HugePages_Total:       0
HugePages_Free:        0
HugePages_Rsvd:        0
HugePages_Surp:        0
Hugepagesize:       2048 kB
DirectMap4k:      287808 kB
DirectMap2M:    16367616 kB
DirectMap1G:     1048576 kB

container (cgroup) information:
container_type: cgroupv1
cpu_cpuset_cpus: 0-3
cpu_memory_nodes: 0
active_processor_count: 4
cpu_quota: -1
cpu_period: 100000
cpu_shares: -1
memory_limit_in_bytes: -1
memory_and_swap_limit_in_bytes: -2
memory_soft_limit_in_bytes: -1
memory_usage_in_bytes: 9854791680
memory_max_usage_in_bytes: 11671072768


CPU:total 4 (initial active 4) (2 cores per cpu, 2 threads per core) family 6 model 142 stepping 9, cmov, cx8, fxsr, mmx, sse, sse2, sse3, ssse3, sse4.1, sse4.2, popcnt, avx, avx2, aes, clmul, erms, 3dnowpref, lzcnt, ht, tsc, tscinvbit, bmi1, bmi2, adx

/proc/cpuinfo:
processor	: 0
vendor_id	: GenuineIntel
cpu family	: 6
model		: 142
model name	: Intel(R) Core(TM) i5-7200U CPU @ 2.50GHz
stepping	: 9
microcode	: 0x8e
cpu MHz		: 3099.982
cache size	: 3072 KB
physical id	: 0
siblings	: 4
core id		: 0
cpu cores	: 2
apicid		: 0
initial apicid	: 0
fpu		: yes
fpu_exception	: yes
cpuid level	: 22
wp		: yes
flags		: fpu vme de pse tsc msr pae mce cx8 apic sep mtrr pge mca cmov pat pse36 clflush dts acpi mmx fxsr sse sse2 ss ht tm pbe syscall nx pdpe1gb rdtscp lm constant_tsc art arch_perfmon pebs bts rep_good nopl xtopology nonstop_tsc cpuid aperfmperf tsc_known_freq pni pclmulqdq dtes64 monitor ds_cpl vmx est tm2 ssse3 sdbg fma cx16 xtpr pdcm pcid sse4_1 sse4_2 x2apic movbe popcnt tsc_deadline_timer aes xsave avx f16c rdrand lahf_lm abm 3dnowprefetch cpuid_fault epb invpcid_single pti retpoline intel_pt rsb_ctxsw spec_ctrl ssbd tpr_shadow vnmi flexpriority ept vpid fsgsbase tsc_adjust bmi1 avx2 smep bmi2 erms invpcid mpx rdseed adx smap clflushopt xsaveopt xsavec xgetbv1 xsaves dtherm ida arat pln pts hwp hwp_notify hwp_act_window hwp_epp
bugs		: cpu_meltdown spectre_v1 spectre_v2 spec_store_bypass
bogomips	: 5424.00
clflush size	: 64
cache_alignment	: 64
address sizes	: 39 bits physical, 48 bits virtual
power management:

processor	: 1
vendor_id	: GenuineIntel
cpu family	: 6
model		: 142
model name	: Intel(R) Core(TM) i5-7200U CPU @ 2.50GHz
stepping	: 9
microcode	: 0x8e
cpu MHz		: 3099.998
cache size	: 3072 KB
physical id	: 0
siblings	: 4
core id		: 1
cpu cores	: 2
apicid		: 2
initial apicid	: 2
fpu		: yes
fpu_exception	: yes
cpuid level	: 22
wp		: yes
flags		: fpu vme de pse tsc msr pae mce cx8 apic sep mtrr pge mca cmov pat pse36 clflush dts acpi mmx fxsr sse sse2 ss ht tm pbe syscall nx pdpe1gb rdtscp lm constant_tsc art arch_perfmon pebs bts rep_good nopl xtopology nonstop_tsc cpuid aperfmperf tsc_known_freq pni pclmulqdq dtes64 monitor ds_cpl vmx est tm2 ssse3 sdbg fma cx16 xtpr pdcm pcid sse4_1 sse4_2 x2apic movbe popcnt tsc_deadline_timer aes xsave avx f16c rdrand lahf_lm abm 3dnowprefetch cpuid_fault epb invpcid_single pti retpoline intel_pt rsb_ctxsw tpr_shadow vnmi flexpriority ept vpid fsgsbase tsc_adjust bmi1 avx2 smep bmi2 erms invpcid mpx rdseed adx smap clflushopt xsaveopt xsavec xgetbv1 xsaves dtherm ida arat pln pts hwp hwp_notify hwp_act_window hwp_epp
bugs		: cpu_meltdown spectre_v1 spectre_v2 spec_store_bypass
bogomips	: 5424.00
clflush size	: 64
cache_alignment	: 64
address sizes	: 39 bits physical, 48 bits virtual
power management:

processor	: 2
vendor_id	: GenuineIntel
cpu family	: 6
model		: 142
model name	: Intel(R) Core(TM) i5-7200U CPU @ 2.50GHz
stepping	: 9
microcode	: 0x8e
cpu MHz		: 3100.000
cache size	: 3072 KB
physical id	: 0
siblings	: 4
core id		: 0
cpu cores	: 2
apicid		: 1
initial apicid	: 1
fpu		: yes
fpu_exception	: yes
cpuid level	: 22
wp		: yes
flags		: fpu vme de pse tsc msr pae mce cx8 apic sep mtrr pge mca cmov pat pse36 clflush dts acpi mmx fxsr sse sse2 ss ht tm pbe syscall nx pdpe1gb rdtscp lm constant_tsc art arch_perfmon pebs bts rep_good nopl xtopology nonstop_tsc cpuid aperfmperf tsc_known_freq pni pclmulqdq dtes64 monitor ds_cpl vmx est tm2 ssse3 sdbg fma cx16 xtpr pdcm pcid sse4_1 sse4_2 x2apic movbe popcnt tsc_deadline_timer aes xsave avx f16c rdrand lahf_lm abm 3dnowprefetch cpuid_fault epb invpcid_single pti retpoline intel_pt rsb_ctxsw spec_ctrl ssbd tpr_shadow vnmi flexpriority ept vpid fsgsbase tsc_adjust bmi1 avx2 smep bmi2 erms invpcid mpx rdseed adx smap clflushopt xsaveopt xsavec xgetbv1 xsaves dtherm ida arat pln pts hwp hwp_notify hwp_act_window hwp_epp
bugs		: cpu_meltdown spectre_v1 spectre_v2 spec_store_bypass
bogomips	: 5424.00
clflush size	: 64
cache_alignment	: 64
address sizes	: 39 bits physical, 48 bits virtual
power management:

processor	: 3
vendor_id	: GenuineIntel
cpu family	: 6
model		: 142
model name	: Intel(R) Core(TM) i5-7200U CPU @ 2.50GHz
stepping	: 9
microcode	: 0x8e
cpu MHz		: 3099.999
cache size	: 3072 KB
physical id	: 0
siblings	: 4
core id		: 1
cpu cores	: 2
apicid		: 3
initial apicid	: 3
fpu		: yes
fpu_exception	: yes
cpuid level	: 22
wp		: yes
flags		: fpu vme de pse tsc msr pae mce cx8 apic sep mtrr pge mca cmov pat pse36 clflush dts acpi mmx fxsr sse sse2 ss ht tm pbe syscall nx pdpe1gb rdtscp lm constant_tsc art arch_perfmon pebs bts rep_good nopl xtopology nonstop_tsc cpuid aperfmperf tsc_known_freq pni pclmulqdq dtes64 monitor ds_cpl vmx est tm2 ssse3 sdbg fma cx16 xtpr pdcm pcid sse4_1 sse4_2 x2apic movbe popcnt tsc_deadline_timer aes xsave avx f16c rdrand lahf_lm abm 3dnowprefetch cpuid_fault epb invpcid_single pti retpoline intel_pt rsb_ctxsw spec_ctrl ssbd tpr_shadow vnmi flexpriority ept vpid fsgsbase tsc_adjust bmi1 avx2 smep bmi2 erms invpcid mpx rdseed adx smap clflushopt xsaveopt xsavec xgetbv1 xsaves dtherm ida arat pln pts hwp hwp_notify hwp_act_window hwp_epp
bugs		: cpu_meltdown spectre_v1 spectre_v2 spec_store_bypass
bogomips	: 5424.00
clflush size	: 64
cache_alignment	: 64
address sizes	: 39 bits physical, 48 bits virtual
power management:



Memory: 4k page, physical 16304488k(2188080k free), swap 16654332k(16639144k free)

vm_info: Java HotSpot(TM) 64-Bit Server VM (25.201-b09) for linux-amd64 JRE (1.8.0_201-b09), built on Dec 15 2018 11:35:59 by "java_re" with gcc 7.3.0

time: Sat Oct 12 22:37:54 2019
timezone: IST
elapsed time: 17083 seconds (0d 4h 44m 43s)

